<?xml version="1.0" encoding="UTF-8"?>
<!-- Generated by org.testng.reporters.JUnitReportReporter -->
<testsuite skipped="0" hostname="Mds-MacBook-Air.local" name="com.internet.runner.TestRunner" tests="1" failures="0" timestamp="2020-09-20T01:58:45 EDT" time="0.043" errors="0">
  <testcase name="feature" time="0.043" classname="com.internet.runner.TestRunner"/>
</testsuite> <!-- com.internet.runner.TestRunner -->
